{"__type":"$$EventMessageAudit","id":"2badff97-275c-4fc2-addc-545e0aa09ea4","ts":"2025-10-17T00:13:37.344+00:00","eventName":"n8n.audit.workflow.created","message":"n8n.audit.workflow.created","payload":{"userId":"ee45c93b-3caa-42df-a22c-d96d1ca61330","_email":"pedrohjs11@gmail.com","_firstName":"Pedro Henrique de","_lastName":"Jesus Sousa","globalRole":"global:owner","workflowId":"mdoMUkNS9xnAaRch","workflowName":"My workflow"}}
{"__type":"$$EventMessageConfirm","confirm":"2badff97-275c-4fc2-addc-545e0aa09ea4","ts":"2025-10-17T00:13:37.345+00:00","source":{"id":"0","name":"eventBus"}}
{"__type":"$$EventMessageWorkflow","id":"0e1c3618-98ae-43a9-995d-e1bd995c029a","ts":"2025-10-17T00:13:38.858+00:00","eventName":"n8n.workflow.started","message":"n8n.workflow.started","payload":{"executionId":"1","workflowId":"mdoMUkNS9xnAaRch","isManual":false,"workflowName":"My workflow"}}
{"__type":"$$EventMessageConfirm","confirm":"0e1c3618-98ae-43a9-995d-e1bd995c029a","ts":"2025-10-17T00:13:38.859+00:00","source":{"id":"0","name":"eventBus"}}
{"__type":"$$EventMessageNode","id":"2157d8fa-292b-4afb-a54b-8cc64cf45537","ts":"2025-10-17T00:13:38.860+00:00","eventName":"n8n.node.started","message":"n8n.node.started","payload":{"workflowId":"mdoMUkNS9xnAaRch","workflowName":"My workflow","executionId":"1","nodeType":"n8n-nodes-base.manualTrigger","nodeName":"When clicking ‘Execute workflow’","nodeId":"f54debf3-30ed-4bc5-82a6-8df938443125"}}
{"__type":"$$EventMessageConfirm","confirm":"2157d8fa-292b-4afb-a54b-8cc64cf45537","ts":"2025-10-17T00:13:38.860+00:00","source":{"id":"0","name":"eventBus"}}
{"__type":"$$EventMessageNode","id":"d1af5207-fe78-43f2-a978-398bd0de1527","ts":"2025-10-17T00:13:38.870+00:00","eventName":"n8n.node.finished","message":"n8n.node.finished","payload":{"workflowId":"mdoMUkNS9xnAaRch","workflowName":"My workflow","executionId":"1","nodeType":"n8n-nodes-base.manualTrigger","nodeName":"When clicking ‘Execute workflow’","nodeId":"f54debf3-30ed-4bc5-82a6-8df938443125"}}
{"__type":"$$EventMessageConfirm","confirm":"d1af5207-fe78-43f2-a978-398bd0de1527","ts":"2025-10-17T00:13:38.870+00:00","source":{"id":"0","name":"eventBus"}}
{"__type":"$$EventMessageNode","id":"b2225096-4e4e-485c-a2c2-61c4b6c0f34e","ts":"2025-10-17T00:13:38.872+00:00","eventName":"n8n.node.started","message":"n8n.node.started","payload":{"workflowId":"mdoMUkNS9xnAaRch","workflowName":"My workflow","executionId":"1","nodeType":"n8n-nodes-base.httpRequest","nodeName":"HTTP Request","nodeId":"87de3483-00a5-4cf8-8b9b-9a2561dc60e2"}}
{"__type":"$$EventMessageConfirm","confirm":"b2225096-4e4e-485c-a2c2-61c4b6c0f34e","ts":"2025-10-17T00:13:38.873+00:00","source":{"id":"0","name":"eventBus"}}
{"__type":"$$EventMessageNode","id":"01184b49-6e52-4c3b-aae7-631e0a063e3a","ts":"2025-10-17T00:13:39.027+00:00","eventName":"n8n.node.finished","message":"n8n.node.finished","payload":{"workflowId":"mdoMUkNS9xnAaRch","workflowName":"My workflow","executionId":"1","nodeType":"n8n-nodes-base.httpRequest","nodeName":"HTTP Request","nodeId":"87de3483-00a5-4cf8-8b9b-9a2561dc60e2"}}
{"__type":"$$EventMessageConfirm","confirm":"01184b49-6e52-4c3b-aae7-631e0a063e3a","ts":"2025-10-17T00:13:39.028+00:00","source":{"id":"0","name":"eventBus"}}
{"__type":"$$EventMessageWorkflow","id":"2552ddca-d348-44fc-989f-393bedab1360","ts":"2025-10-17T00:13:39.032+00:00","eventName":"n8n.workflow.failed","message":"n8n.workflow.failed","payload":{"userId":"ee45c93b-3caa-42df-a22c-d96d1ca61330","executionId":"1","success":false,"isManual":true,"workflowId":"mdoMUkNS9xnAaRch","workflowName":"My workflow","lastNodeExecuted":"HTTP Request","errorNodeType":"n8n-nodes-base.httpRequest","errorMessage":"The service refused the connection - perhaps it is offline"}}
{"__type":"$$EventMessageConfirm","confirm":"2552ddca-d348-44fc-989f-393bedab1360","ts":"2025-10-17T00:13:39.032+00:00","source":{"id":"0","name":"eventBus"}}
{"__type":"$$EventMessageWorkflow","id":"360a3ded-3090-4273-bc3e-84b484375042","ts":"2025-10-17T00:15:13.837+00:00","eventName":"n8n.workflow.started","message":"n8n.workflow.started","payload":{"executionId":"2","workflowId":"mdoMUkNS9xnAaRch","isManual":false,"workflowName":"My workflow"}}
{"__type":"$$EventMessageConfirm","confirm":"360a3ded-3090-4273-bc3e-84b484375042","ts":"2025-10-17T00:15:13.837+00:00","source":{"id":"0","name":"eventBus"}}
{"__type":"$$EventMessageNode","id":"d15ddfd0-4b21-4bb5-b8b1-0d3d38186e19","ts":"2025-10-17T00:15:13.838+00:00","eventName":"n8n.node.started","message":"n8n.node.started","payload":{"workflowId":"mdoMUkNS9xnAaRch","workflowName":"My workflow","executionId":"2","nodeType":"n8n-nodes-base.httpRequest","nodeName":"HTTP Request","nodeId":"87de3483-00a5-4cf8-8b9b-9a2561dc60e2"}}
{"__type":"$$EventMessageConfirm","confirm":"d15ddfd0-4b21-4bb5-b8b1-0d3d38186e19","ts":"2025-10-17T00:15:13.838+00:00","source":{"id":"0","name":"eventBus"}}
{"__type":"$$EventMessageNode","id":"d772a5f8-05b1-429c-b93b-933dfad26be5","ts":"2025-10-17T00:15:14.079+00:00","eventName":"n8n.node.finished","message":"n8n.node.finished","payload":{"workflowId":"mdoMUkNS9xnAaRch","workflowName":"My workflow","executionId":"2","nodeType":"n8n-nodes-base.httpRequest","nodeName":"HTTP Request","nodeId":"87de3483-00a5-4cf8-8b9b-9a2561dc60e2"}}
{"__type":"$$EventMessageConfirm","confirm":"d772a5f8-05b1-429c-b93b-933dfad26be5","ts":"2025-10-17T00:15:14.080+00:00","source":{"id":"0","name":"eventBus"}}
{"__type":"$$EventMessageWorkflow","id":"2c9bb365-9619-4c8d-9dfa-bbd4a6167a79","ts":"2025-10-17T00:15:14.082+00:00","eventName":"n8n.workflow.success","message":"n8n.workflow.success","payload":{"userId":"ee45c93b-3caa-42df-a22c-d96d1ca61330","executionId":"2","success":true,"isManual":true,"workflowId":"mdoMUkNS9xnAaRch","workflowName":"My workflow"}}
{"__type":"$$EventMessageConfirm","confirm":"2c9bb365-9619-4c8d-9dfa-bbd4a6167a79","ts":"2025-10-17T00:15:14.083+00:00","source":{"id":"0","name":"eventBus"}}
